This file contains any messages produced by compilers while
running configure, to aid debugging if configure makes a mistake.

It was created by configure, which was
generated by GNU Autoconf 2.71.  Invocation command line was

  $ ./configure --prefix=/usr --enable-debug

## --------- ##
## Platform. ##
## --------- ##

hostname = ip-172-31-16-91
uname -m = x86_64
uname -r = 5.19.0-1024-aws
uname -s = Linux
uname -v = #25~22.04.1-Ubuntu SMP Tue Apr 18 23:41:58 UTC 2023

/usr/bin/uname -p = x86_64
/bin/uname -X     = unknown

/bin/arch              = x86_64
/usr/bin/arch -k       = unknown
/usr/convex/getsysinfo = unknown
/usr/bin/hostinfo      = unknown
/bin/machine           = unknown
/usr/bin/oslevel       = unknown
/bin/universe          = unknown

PATH: /home/ubuntu/.vscode-server/bin/e790b931385d72cf5669fcefc51cdf65990efa5d/bin/
PATH: /home/ubuntu/.local/bin/
PATH: /home/ubuntu/.vscode-server/bin/e790b931385d72cf5669fcefc51cdf65990efa5d/bin/
PATH: /home/ubuntu/.local/bin/
PATH: /usr/local/sbin/
PATH: /usr/local/bin/
PATH: /usr/sbin/
PATH: /usr/bin/
PATH: /sbin/
PATH: /bin/
PATH: /usr/games/
PATH: /usr/local/games/
PATH: /snap/bin/


## ----------- ##
## Core tests. ##
## ----------- ##

configure:2910: looking for aux files: compile config.guess config.sub ltmain.sh missing install-sh
configure:2923:  trying ./
configure:2952:   ./compile found
configure:2952:   ./config.guess found
configure:2952:   ./config.sub found
configure:2952:   ./ltmain.sh found
configure:2952:   ./missing found
configure:2934:   ./install-sh found
configure:3098: checking for a BSD-compatible install
configure:3171: result: /usr/bin/install -c
configure:3182: checking whether build environment is sane
configure:3237: result: yes
configure:3396: checking for a race-free mkdir -p
configure:3440: result: /usr/bin/mkdir -p
configure:3447: checking for gawk
configure:3468: found /usr/bin/gawk
configure:3479: result: gawk
configure:3490: checking whether make sets $(MAKE)
configure:3513: result: yes
configure:3543: checking whether make supports nested variables
configure:3561: result: yes
configure:3702: checking whether make sets $(MAKE)
configure:3725: result: yes
configure:3809: checking for g++
configure:3830: found /usr/bin/g++
configure:3841: result: g++
configure:3868: checking for C++ compiler version
configure:3877: g++ --version >&5
g++ (Ubuntu 11.3.0-1ubuntu1~22.04) 11.3.0
Copyright (C) 2021 Free Software Foundation, Inc.
This is free software; see the source for copying conditions.  There is NO
warranty; not even for MERCHANTABILITY or FITNESS FOR A PARTICULAR PURPOSE.

configure:3888: $? = 0
configure:3877: g++ -v >&5
Using built-in specs.
COLLECT_GCC=g++
COLLECT_LTO_WRAPPER=/usr/lib/gcc/x86_64-linux-gnu/11/lto-wrapper
OFFLOAD_TARGET_NAMES=nvptx-none:amdgcn-amdhsa
OFFLOAD_TARGET_DEFAULT=1
Target: x86_64-linux-gnu
Configured with: ../src/configure -v --with-pkgversion='Ubuntu 11.3.0-1ubuntu1~22.04' --with-bugurl=file:///usr/share/doc/gcc-11/README.Bugs --enable-languages=c,ada,c++,go,brig,d,fortran,objc,obj-c++,m2 --prefix=/usr --with-gcc-major-version-only --program-suffix=-11 --program-prefix=x86_64-linux-gnu- --enable-shared --enable-linker-build-id --libexecdir=/usr/lib --without-included-gettext --enable-threads=posix --libdir=/usr/lib --enable-nls --enable-bootstrap --enable-clocale=gnu --enable-libstdcxx-debug --enable-libstdcxx-time=yes --with-default-libstdcxx-abi=new --enable-gnu-unique-object --disable-vtable-verify --enable-plugin --enable-default-pie --with-system-zlib --enable-libphobos-checking=release --with-target-system-zlib=auto --enable-objc-gc=auto --enable-multiarch --disable-werror --enable-cet --with-arch-32=i686 --with-abi=m64 --with-multilib-list=m32,m64,mx32 --enable-multilib --with-tune=generic --enable-offload-targets=nvptx-none=/build/gcc-11-xKiWfi/gcc-11-11.3.0/debian/tmp-nvptx/usr,amdgcn-amdhsa=/build/gcc-11-xKiWfi/gcc-11-11.3.0/debian/tmp-gcn/usr --without-cuda-driver --enable-checking=release --build=x86_64-linux-gnu --host=x86_64-linux-gnu --target=x86_64-linux-gnu --with-build-config=bootstrap-lto-lean --enable-link-serialization=2
Thread model: posix
Supported LTO compression algorithms: zlib zstd
gcc version 11.3.0 (Ubuntu 11.3.0-1ubuntu1~22.04) 
... rest of stderr output deleted ...
configure:3888: $? = 0
configure:3877: g++ -V >&5
g++: error: unrecognized command-line option '-V'
g++: fatal error: no input files
compilation terminated.
configure:3888: $? = 1
configure:3877: g++ -qversion >&5
g++: error: unrecognized command-line option '-qversion'; did you mean '--version'?
g++: fatal error: no input files
compilation terminated.
configure:3888: $? = 1
configure:3908: checking whether the C++ compiler works
configure:3930: g++    conftest.cpp  >&5
configure:3934: $? = 0
configure:3984: result: yes
configure:3987: checking for C++ compiler default output file name
configure:3989: result: a.out
configure:3995: checking for suffix of executables
configure:4002: g++ -o conftest    conftest.cpp  >&5
configure:4006: $? = 0
configure:4029: result: 
configure:4051: checking whether we are cross compiling
configure:4059: g++ -o conftest    conftest.cpp  >&5
configure:4063: $? = 0
configure:4070: ./conftest
configure:4074: $? = 0
configure:4089: result: no
configure:4094: checking for suffix of object files
configure:4117: g++ -c   conftest.cpp >&5
configure:4121: $? = 0
configure:4143: result: o
configure:4147: checking whether the compiler supports GNU C++
configure:4167: g++ -c   conftest.cpp >&5
configure:4167: $? = 0
configure:4177: result: yes
configure:4188: checking whether g++ accepts -g
configure:4209: g++ -c -g  conftest.cpp >&5
configure:4209: $? = 0
configure:4253: result: yes
configure:4273: checking for g++ option to enable C++11 features
configure:4288: g++  -c -g -O2  conftest.cpp >&5
conftest.cpp: In function 'int main(int, char**)':
conftest.cpp:177:25: warning: empty parentheses were disambiguated as a function declaration [-Wvexing-parse]
  177 |   cxx11test::delegate d2();
      |                         ^~
conftest.cpp:177:25: note: remove parentheses to default-initialize a variable
  177 |   cxx11test::delegate d2();
      |                         ^~
      |                         --
conftest.cpp:177:25: note: or replace parentheses with braces to value-initialize a variable
configure:4288: $? = 0
configure:4306: result: none needed
configure:4373: checking whether make supports the include directive
configure:4388: make -f confmf.GNU && cat confinc.out
this is the am__doit target
configure:4391: $? = 0
configure:4410: result: yes (GNU style)
configure:4436: checking dependency style of g++
configure:4548: result: gcc3
configure:4595: checking build system type
configure:4610: result: x86_64-pc-linux-gnu
configure:4630: checking host system type
configure:4644: result: x86_64-pc-linux-gnu
configure:4685: checking how to print strings
configure:4712: result: printf
configure:4795: checking for gcc
configure:4816: found /usr/bin/gcc
configure:4827: result: gcc
configure:5180: checking for C compiler version
configure:5189: gcc --version >&5
gcc (Ubuntu 11.3.0-1ubuntu1~22.04) 11.3.0
Copyright (C) 2021 Free Software Foundation, Inc.
This is free software; see the source for copying conditions.  There is NO
warranty; not even for MERCHANTABILITY or FITNESS FOR A PARTICULAR PURPOSE.

configure:5200: $? = 0
configure:5189: gcc -v >&5
Using built-in specs.
COLLECT_GCC=gcc
COLLECT_LTO_WRAPPER=/usr/lib/gcc/x86_64-linux-gnu/11/lto-wrapper
OFFLOAD_TARGET_NAMES=nvptx-none:amdgcn-amdhsa
OFFLOAD_TARGET_DEFAULT=1
Target: x86_64-linux-gnu
Configured with: ../src/configure -v --with-pkgversion='Ubuntu 11.3.0-1ubuntu1~22.04' --with-bugurl=file:///usr/share/doc/gcc-11/README.Bugs --enable-languages=c,ada,c++,go,brig,d,fortran,objc,obj-c++,m2 --prefix=/usr --with-gcc-major-version-only --program-suffix=-11 --program-prefix=x86_64-linux-gnu- --enable-shared --enable-linker-build-id --libexecdir=/usr/lib --without-included-gettext --enable-threads=posix --libdir=/usr/lib --enable-nls --enable-bootstrap --enable-clocale=gnu --enable-libstdcxx-debug --enable-libstdcxx-time=yes --with-default-libstdcxx-abi=new --enable-gnu-unique-object --disable-vtable-verify --enable-plugin --enable-default-pie --with-system-zlib --enable-libphobos-checking=release --with-target-system-zlib=auto --enable-objc-gc=auto --enable-multiarch --disable-werror --enable-cet --with-arch-32=i686 --with-abi=m64 --with-multilib-list=m32,m64,mx32 --enable-multilib --with-tune=generic --enable-offload-targets=nvptx-none=/build/gcc-11-xKiWfi/gcc-11-11.3.0/debian/tmp-nvptx/usr,amdgcn-amdhsa=/build/gcc-11-xKiWfi/gcc-11-11.3.0/debian/tmp-gcn/usr --without-cuda-driver --enable-checking=release --build=x86_64-linux-gnu --host=x86_64-linux-gnu --target=x86_64-linux-gnu --with-build-config=bootstrap-lto-lean --enable-link-serialization=2
Thread model: posix
Supported LTO compression algorithms: zlib zstd
gcc version 11.3.0 (Ubuntu 11.3.0-1ubuntu1~22.04) 
... rest of stderr output deleted ...
configure:5200: $? = 0
configure:5189: gcc -V >&5
gcc: error: unrecognized command-line option '-V'
gcc: fatal error: no input files
compilation terminated.
configure:5200: $? = 1
configure:5189: gcc -qversion >&5
gcc: error: unrecognized command-line option '-qversion'; did you mean '--version'?
gcc: fatal error: no input files
compilation terminated.
configure:5200: $? = 1
configure:5189: gcc -version >&5
gcc: error: unrecognized command-line option '-version'
gcc: fatal error: no input files
compilation terminated.
configure:5200: $? = 1
configure:5204: checking whether the compiler supports GNU C
configure:5224: gcc -c   conftest.c >&5
configure:5224: $? = 0
configure:5234: result: yes
configure:5245: checking whether gcc accepts -g
configure:5266: gcc -c -g  conftest.c >&5
configure:5266: $? = 0
configure:5310: result: yes
configure:5330: checking for gcc option to enable C11 features
configure:5345: gcc  -c -g -O2  conftest.c >&5
configure:5345: $? = 0
configure:5363: result: none needed
configure:5479: checking whether gcc understands -c and -o together
configure:5502: gcc -c conftest.c -o conftest2.o
configure:5505: $? = 0
configure:5502: gcc -c conftest.c -o conftest2.o
configure:5505: $? = 0
configure:5517: result: yes
configure:5536: checking dependency style of gcc
configure:5648: result: gcc3
configure:5663: checking for a sed that does not truncate output
configure:5733: result: /usr/bin/sed
configure:5751: checking for grep that handles long lines and -e
configure:5815: result: /usr/bin/grep
configure:5820: checking for egrep
configure:5888: result: /usr/bin/grep -E
configure:5893: checking for fgrep
configure:5961: result: /usr/bin/grep -F
configure:5997: checking for ld used by gcc
configure:6065: result: /usr/bin/ld
configure:6072: checking if the linker (/usr/bin/ld) is GNU ld
configure:6088: result: yes
configure:6100: checking for BSD- or MS-compatible name lister (nm)
configure:6155: result: /usr/bin/nm -B
configure:6295: checking the name lister (/usr/bin/nm -B) interface
configure:6303: g++ -c -g -O2  conftest.cpp >&5
configure:6306: /usr/bin/nm -B "conftest.o"
configure:6309: output
0000000000000000 B some_variable
configure:6316: result: BSD nm
configure:6319: checking whether ln -s works
configure:6323: result: yes
configure:6331: checking the maximum length of command line arguments
configure:6463: result: 1572864
configure:6511: checking how to convert x86_64-pc-linux-gnu file names to x86_64-pc-linux-gnu format
configure:6552: result: func_convert_file_noop
configure:6559: checking how to convert x86_64-pc-linux-gnu file names to toolchain format
configure:6580: result: func_convert_file_noop
configure:6587: checking for /usr/bin/ld option to reload object files
configure:6595: result: -r
configure:6674: checking for objdump
configure:6695: found /usr/bin/objdump
configure:6706: result: objdump
configure:6738: checking how to recognize dependent libraries
configure:6939: result: pass_all
configure:7029: checking for dlltool
configure:7064: result: no
configure:7094: checking how to associate runtime and link libraries
configure:7122: result: printf %s\n
configure:7188: checking for ar
configure:7209: found /usr/bin/ar
configure:7220: result: ar
configure:7257: checking for archiver @FILE support
configure:7275: g++ -c -g -O2  conftest.cpp >&5
configure:7275: $? = 0
configure:7279: ar cr libconftest.a @conftest.lst >&5
configure:7282: $? = 0
configure:7287: ar cr libconftest.a @conftest.lst >&5
ar: conftest.o: No such file or directory
configure:7290: $? = 1
configure:7302: result: @
configure:7365: checking for strip
configure:7386: found /usr/bin/strip
configure:7397: result: strip
configure:7474: checking for ranlib
configure:7495: found /usr/bin/ranlib
configure:7506: result: ranlib
configure:7608: checking command to parse /usr/bin/nm -B output from gcc object
configure:7762: g++ -c -g -O2  conftest.cpp >&5
configure:7765: $? = 0
configure:7769: /usr/bin/nm -B conftest.o | sed -n -e 's/^.*[	 ]\([ABCDGIRSTW][ABCDGIRSTW]*\)[	 ][	 ]*\([_A-Za-z][_A-Za-z0-9]*\)$/\1 \2 \2/p' | sed '/ __gnu_lto/d' > conftest.nm
configure:7835: g++ -o conftest -g -O2   conftest.cpp conftstm.o >&5
configure:7838: $? = 0
configure:7876: result: ok
configure:7923: checking for sysroot
configure:7954: result: no
configure:7961: checking for a working dd
configure:8005: result: /usr/bin/dd
configure:8009: checking how to truncate binary pipes
configure:8025: result: /usr/bin/dd bs=4096 count=1
configure:8163: g++ -c -g -O2  conftest.cpp >&5
configure:8166: $? = 0
configure:8363: checking for mt
configure:8384: found /usr/bin/mt
configure:8395: result: mt
configure:8418: checking if mt is a manifest tool
configure:8425: mt '-?'
configure:8433: result: no
configure:9163: checking for stdio.h
configure:9163: g++ -c -g -O2  conftest.cpp >&5
configure:9163: $? = 0
configure:9163: result: yes
configure:9163: checking for stdlib.h
configure:9163: g++ -c -g -O2  conftest.cpp >&5
configure:9163: $? = 0
configure:9163: result: yes
configure:9163: checking for string.h
configure:9163: g++ -c -g -O2  conftest.cpp >&5
configure:9163: $? = 0
configure:9163: result: yes
configure:9163: checking for inttypes.h
configure:9163: g++ -c -g -O2  conftest.cpp >&5
configure:9163: $? = 0
configure:9163: result: yes
configure:9163: checking for stdint.h
configure:9163: g++ -c -g -O2  conftest.cpp >&5
configure:9163: $? = 0
configure:9163: result: yes
configure:9163: checking for strings.h
configure:9163: g++ -c -g -O2  conftest.cpp >&5
configure:9163: $? = 0
configure:9163: result: yes
configure:9163: checking for sys/stat.h
configure:9163: g++ -c -g -O2  conftest.cpp >&5
configure:9163: $? = 0
configure:9163: result: yes
configure:9163: checking for sys/types.h
configure:9163: g++ -c -g -O2  conftest.cpp >&5
configure:9163: $? = 0
configure:9163: result: yes
configure:9163: checking for unistd.h
configure:9163: g++ -c -g -O2  conftest.cpp >&5
configure:9163: $? = 0
configure:9163: result: yes
configure:9188: checking for dlfcn.h
configure:9188: g++ -c -g -O2  conftest.cpp >&5
configure:9188: $? = 0
configure:9188: result: yes
configure:9457: checking for objdir
configure:9473: result: .libs
configure:9733: checking if gcc supports -fno-rtti -fno-exceptions
configure:9752: gcc -c -g -O2  -fno-rtti -fno-exceptions conftest.c >&5
cc1: warning: command-line option '-fno-rtti' is valid for C++/D/ObjC++ but not for C
configure:9756: $? = 0
configure:9769: result: no
configure:10133: checking for gcc option to produce PIC
configure:10141: result: -fPIC -DPIC
configure:10149: checking if gcc PIC flag -fPIC -DPIC works
configure:10168: gcc -c -g -O2  -fPIC -DPIC -DPIC conftest.c >&5
configure:10172: $? = 0
configure:10185: result: yes
configure:10214: checking if gcc static flag -static works
configure:10243: result: yes
configure:10258: checking if gcc supports -c -o file.o
configure:10280: gcc -c -g -O2  -o out/conftest2.o conftest.c >&5
configure:10284: $? = 0
configure:10306: result: yes
configure:10314: checking if gcc supports -c -o file.o
configure:10362: result: yes
configure:10395: checking whether the gcc linker (/usr/bin/ld -m elf_x86_64) supports shared libraries
configure:11665: result: yes
configure:11702: checking whether -lc should be explicitly linked in
configure:11711: gcc -c -g -O2  conftest.c >&5
configure:11714: $? = 0
configure:11729: gcc -shared  -fPIC -DPIC conftest.o  -v -Wl,-soname -Wl,conftest -o conftest 2\>\&1 \| /usr/bin/grep  -lc  \>/dev/null 2\>\&1
configure:11732: $? = 0
configure:11746: result: no
configure:11906: checking dynamic linker characteristics
configure:12488: gcc -o conftest -g -O2   -Wl,-rpath -Wl,/foo conftest.c  >&5
configure:12488: $? = 0
configure:12739: result: GNU/Linux ld.so
configure:12861: checking how to hardcode library paths into programs
configure:12886: result: immediate
configure:13438: checking whether stripping libraries is possible
configure:13443: result: yes
configure:13478: checking if libtool supports shared libraries
configure:13480: result: yes
configure:13483: checking whether to build shared libraries
configure:13508: result: yes
configure:13511: checking whether to build static libraries
configure:13515: result: yes
configure:13538: checking how to run the C++ preprocessor
configure:13560: g++ -E  conftest.cpp
configure:13560: $? = 0
configure:13575: g++ -E  conftest.cpp
conftest.cpp:23:10: fatal error: ac_nonexistent.h: No such file or directory
   23 | #include <ac_nonexistent.h>
      |          ^~~~~~~~~~~~~~~~~~
compilation terminated.
configure:13575: $? = 1
configure: failed program was:
| /* confdefs.h */
| #define PACKAGE_NAME ""
| #define PACKAGE_TARNAME ""
| #define PACKAGE_VERSION ""
| #define PACKAGE_STRING ""
| #define PACKAGE_BUGREPORT ""
| #define PACKAGE_URL ""
| #define PACKAGE "socket++"
| #define VERSION "1.12.12"
| #define HAVE_STDIO_H 1
| #define HAVE_STDLIB_H 1
| #define HAVE_STRING_H 1
| #define HAVE_INTTYPES_H 1
| #define HAVE_STDINT_H 1
| #define HAVE_STRINGS_H 1
| #define HAVE_SYS_STAT_H 1
| #define HAVE_SYS_TYPES_H 1
| #define HAVE_UNISTD_H 1
| #define STDC_HEADERS 1
| #define HAVE_DLFCN_H 1
| #define LT_OBJDIR ".libs/"
| /* end confdefs.h.  */
| #include <ac_nonexistent.h>
configure:13602: result: g++ -E
configure:13616: g++ -E  conftest.cpp
configure:13616: $? = 0
configure:13631: g++ -E  conftest.cpp
conftest.cpp:23:10: fatal error: ac_nonexistent.h: No such file or directory
   23 | #include <ac_nonexistent.h>
      |          ^~~~~~~~~~~~~~~~~~
compilation terminated.
configure:13631: $? = 1
configure: failed program was:
| /* confdefs.h */
| #define PACKAGE_NAME ""
| #define PACKAGE_TARNAME ""
| #define PACKAGE_VERSION ""
| #define PACKAGE_STRING ""
| #define PACKAGE_BUGREPORT ""
| #define PACKAGE_URL ""
| #define PACKAGE "socket++"
| #define VERSION "1.12.12"
| #define HAVE_STDIO_H 1
| #define HAVE_STDLIB_H 1
| #define HAVE_STRING_H 1
| #define HAVE_INTTYPES_H 1
| #define HAVE_STDINT_H 1
| #define HAVE_STRINGS_H 1
| #define HAVE_SYS_STAT_H 1
| #define HAVE_SYS_TYPES_H 1
| #define HAVE_UNISTD_H 1
| #define STDC_HEADERS 1
| #define HAVE_DLFCN_H 1
| #define LT_OBJDIR ".libs/"
| /* end confdefs.h.  */
| #include <ac_nonexistent.h>
configure:13796: checking for ld used by g++
configure:13864: result: /usr/bin/ld -m elf_x86_64
configure:13871: checking if the linker (/usr/bin/ld -m elf_x86_64) is GNU ld
configure:13887: result: yes
configure:13942: checking whether the g++ linker (/usr/bin/ld -m elf_x86_64) supports shared libraries
configure:15019: result: yes
configure:15055: g++ -c -g -O2  conftest.cpp >&5
configure:15058: $? = 0
configure:15539: checking for g++ option to produce PIC
configure:15547: result: -fPIC -DPIC
configure:15555: checking if g++ PIC flag -fPIC -DPIC works
configure:15574: g++ -c -g -O2  -fPIC -DPIC -DPIC conftest.cpp >&5
configure:15578: $? = 0
configure:15591: result: yes
configure:15614: checking if g++ static flag -static works
configure:15643: result: yes
configure:15655: checking if g++ supports -c -o file.o
configure:15677: g++ -c -g -O2  -o out/conftest2.o conftest.cpp >&5
configure:15681: $? = 0
configure:15703: result: yes
configure:15708: checking if g++ supports -c -o file.o
configure:15756: result: yes
configure:15786: checking whether the g++ linker (/usr/bin/ld -m elf_x86_64) supports shared libraries
configure:15829: result: yes
configure:15971: checking dynamic linker characteristics
configure:16731: result: GNU/Linux ld.so
configure:16796: checking how to hardcode library paths into programs
configure:16821: result: immediate
configure:16886: checking for makedepend
configure:16919: result: :
configure:16939: checking for t_accept in -lnsl
configure:16961: g++ -o conftest -Wall -g -O2 -g -O0   conftest.cpp -lnsl   >&5
/usr/bin/ld: /tmp/ccNbxqyD.o: in function `main':
/home/ubuntu/socketxx/conftest.cpp:31: undefined reference to `t_accept'
collect2: error: ld returned 1 exit status
configure:16961: $? = 1
configure: failed program was:
| /* confdefs.h */
| #define PACKAGE_NAME ""
| #define PACKAGE_TARNAME ""
| #define PACKAGE_VERSION ""
| #define PACKAGE_STRING ""
| #define PACKAGE_BUGREPORT ""
| #define PACKAGE_URL ""
| #define PACKAGE "socket++"
| #define VERSION "1.12.12"
| #define HAVE_STDIO_H 1
| #define HAVE_STDLIB_H 1
| #define HAVE_STRING_H 1
| #define HAVE_INTTYPES_H 1
| #define HAVE_STDINT_H 1
| #define HAVE_STRINGS_H 1
| #define HAVE_SYS_STAT_H 1
| #define HAVE_SYS_TYPES_H 1
| #define HAVE_UNISTD_H 1
| #define STDC_HEADERS 1
| #define HAVE_DLFCN_H 1
| #define LT_OBJDIR ".libs/"
| #define ENABLE_DEBUG 1
| /* end confdefs.h.  */
| 
| namespace conftest {
|   extern "C" int t_accept ();
| }
| int
| main (void)
| {
| return conftest::t_accept ();
|   ;
|   return 0;
| }
configure:16971: result: no
configure:16978: checking for socket in -lsocket
configure:17000: g++ -o conftest -Wall -g -O2 -g -O0   conftest.cpp -lsocket   >&5
/usr/bin/ld: cannot find -lsocket: No such file or directory
collect2: error: ld returned 1 exit status
configure:17000: $? = 1
configure: failed program was:
| /* confdefs.h */
| #define PACKAGE_NAME ""
| #define PACKAGE_TARNAME ""
| #define PACKAGE_VERSION ""
| #define PACKAGE_STRING ""
| #define PACKAGE_BUGREPORT ""
| #define PACKAGE_URL ""
| #define PACKAGE "socket++"
| #define VERSION "1.12.12"
| #define HAVE_STDIO_H 1
| #define HAVE_STDLIB_H 1
| #define HAVE_STRING_H 1
| #define HAVE_INTTYPES_H 1
| #define HAVE_STDINT_H 1
| #define HAVE_STRINGS_H 1
| #define HAVE_SYS_STAT_H 1
| #define HAVE_SYS_TYPES_H 1
| #define HAVE_UNISTD_H 1
| #define STDC_HEADERS 1
| #define HAVE_DLFCN_H 1
| #define LT_OBJDIR ".libs/"
| #define ENABLE_DEBUG 1
| /* end confdefs.h.  */
| 
| namespace conftest {
|   extern "C" int socket ();
| }
| int
| main (void)
| {
| return conftest::socket ();
|   ;
|   return 0;
| }
configure:17010: result: no
configure:17026: checking for string.h
configure:17026: result: yes
configure:17032: checking for memory.h
configure:17032: g++ -c -Wall -g -O2 -g -O0  conftest.cpp >&5
configure:17032: $? = 0
configure:17032: result: yes
configure:17038: checking for sstream
configure:17038: g++ -c -Wall -g -O2 -g -O0  conftest.cpp >&5
configure:17038: $? = 0
configure:17038: result: yes
configure:17044: checking for string
configure:17044: g++ -c -Wall -g -O2 -g -O0  conftest.cpp >&5
configure:17044: $? = 0
configure:17044: result: yes
configure:17051: checking for _G_config.h
configure:17051: g++ -c -Wall -g -O2 -g -O0  conftest.cpp >&5
conftest.cpp:56:10: fatal error: _G_config.h: No such file or directory
   56 | #include <_G_config.h>
      |          ^~~~~~~~~~~~~
compilation terminated.
configure:17051: $? = 1
configure: failed program was:
| /* confdefs.h */
| #define PACKAGE_NAME ""
| #define PACKAGE_TARNAME ""
| #define PACKAGE_VERSION ""
| #define PACKAGE_STRING ""
| #define PACKAGE_BUGREPORT ""
| #define PACKAGE_URL ""
| #define PACKAGE "socket++"
| #define VERSION "1.12.12"
| #define HAVE_STDIO_H 1
| #define HAVE_STDLIB_H 1
| #define HAVE_STRING_H 1
| #define HAVE_INTTYPES_H 1
| #define HAVE_STDINT_H 1
| #define HAVE_STRINGS_H 1
| #define HAVE_SYS_STAT_H 1
| #define HAVE_SYS_TYPES_H 1
| #define HAVE_UNISTD_H 1
| #define STDC_HEADERS 1
| #define HAVE_DLFCN_H 1
| #define LT_OBJDIR ".libs/"
| #define ENABLE_DEBUG 1
| #define HAVE_STRING_H 1
| #define HAVE_MEMORY_H 1
| #define HAVE_SSTREAM 1
| #define HAVE_STRING 1
| /* end confdefs.h.  */
| #include <stddef.h>
| #ifdef HAVE_STDIO_H
| # include <stdio.h>
| #endif
| #ifdef HAVE_STDLIB_H
| # include <stdlib.h>
| #endif
| #ifdef HAVE_STRING_H
| # include <string.h>
| #endif
| #ifdef HAVE_INTTYPES_H
| # include <inttypes.h>
| #endif
| #ifdef HAVE_STDINT_H
| # include <stdint.h>
| #endif
| #ifdef HAVE_STRINGS_H
| # include <strings.h>
| #endif
| #ifdef HAVE_SYS_TYPES_H
| # include <sys/types.h>
| #endif
| #ifdef HAVE_SYS_STAT_H
| # include <sys/stat.h>
| #endif
| #ifdef HAVE_UNISTD_H
| # include <unistd.h>
| #endif
| #include <_G_config.h>
configure:17051: result: no
configure:17064: checking for sys/wait.h that is POSIX.1 compatible
configure:17091: g++ -c -Wall -g -O2 -g -O0  conftest.cpp >&5
configure:17091: $? = 0
configure:17099: result: yes
configure:17109: checking for pid_t
configure:17109: g++ -c -Wall -g -O2 -g -O0  conftest.cpp >&5
configure:17109: $? = 0
configure:17109: g++ -c -Wall -g -O2 -g -O0  conftest.cpp >&5
conftest.cpp: In function 'int main()':
conftest.cpp:61:19: error: expected primary-expression before ')' token
   61 | if (sizeof ((pid_t)))
      |                   ^
configure:17109: $? = 1
configure: failed program was:
| /* confdefs.h */
| #define PACKAGE_NAME ""
| #define PACKAGE_TARNAME ""
| #define PACKAGE_VERSION ""
| #define PACKAGE_STRING ""
| #define PACKAGE_BUGREPORT ""
| #define PACKAGE_URL ""
| #define PACKAGE "socket++"
| #define VERSION "1.12.12"
| #define HAVE_STDIO_H 1
| #define HAVE_STDLIB_H 1
| #define HAVE_STRING_H 1
| #define HAVE_INTTYPES_H 1
| #define HAVE_STDINT_H 1
| #define HAVE_STRINGS_H 1
| #define HAVE_SYS_STAT_H 1
| #define HAVE_SYS_TYPES_H 1
| #define HAVE_UNISTD_H 1
| #define STDC_HEADERS 1
| #define HAVE_DLFCN_H 1
| #define LT_OBJDIR ".libs/"
| #define ENABLE_DEBUG 1
| #define HAVE_STRING_H 1
| #define HAVE_MEMORY_H 1
| #define HAVE_SSTREAM 1
| #define HAVE_STRING 1
| #define HAVE_SYS_WAIT_H 1
| /* end confdefs.h.  */
| #include <stddef.h>
| #ifdef HAVE_STDIO_H
| # include <stdio.h>
| #endif
| #ifdef HAVE_STDLIB_H
| # include <stdlib.h>
| #endif
| #ifdef HAVE_STRING_H
| # include <string.h>
| #endif
| #ifdef HAVE_INTTYPES_H
| # include <inttypes.h>
| #endif
| #ifdef HAVE_STDINT_H
| # include <stdint.h>
| #endif
| #ifdef HAVE_STRINGS_H
| # include <strings.h>
| #endif
| #ifdef HAVE_SYS_TYPES_H
| # include <sys/types.h>
| #endif
| #ifdef HAVE_SYS_STAT_H
| # include <sys/stat.h>
| #endif
| #ifdef HAVE_UNISTD_H
| # include <unistd.h>
| #endif
| 
| int
| main (void)
| {
| if (sizeof ((pid_t)))
| 	    return 0;
|   ;
|   return 0;
| }
configure:17109: result: yes
configure:17152: checking return type of signal handlers
configure:17171: g++ -c -Wall -g -O2 -g -O0  conftest.cpp >&5
conftest.cpp: In function 'int main()':
conftest.cpp:35:25: error: void value not ignored as it ought to be
   35 | return *(signal (0, 0)) (0) == 1;
      |         ~~~~~~~~~~~~~~~~^~~
configure:17171: $? = 1
configure: failed program was:
| /* confdefs.h */
| #define PACKAGE_NAME ""
| #define PACKAGE_TARNAME ""
| #define PACKAGE_VERSION ""
| #define PACKAGE_STRING ""
| #define PACKAGE_BUGREPORT ""
| #define PACKAGE_URL ""
| #define PACKAGE "socket++"
| #define VERSION "1.12.12"
| #define HAVE_STDIO_H 1
| #define HAVE_STDLIB_H 1
| #define HAVE_STRING_H 1
| #define HAVE_INTTYPES_H 1
| #define HAVE_STDINT_H 1
| #define HAVE_STRINGS_H 1
| #define HAVE_SYS_STAT_H 1
| #define HAVE_SYS_TYPES_H 1
| #define HAVE_UNISTD_H 1
| #define STDC_HEADERS 1
| #define HAVE_DLFCN_H 1
| #define LT_OBJDIR ".libs/"
| #define ENABLE_DEBUG 1
| #define HAVE_STRING_H 1
| #define HAVE_MEMORY_H 1
| #define HAVE_SSTREAM 1
| #define HAVE_STRING 1
| #define HAVE_SYS_WAIT_H 1
| /* end confdefs.h.  */
| #include <sys/types.h>
| #include <signal.h>
| 
| int
| main (void)
| {
| return *(signal (0, 0)) (0) == 1;
|   ;
|   return 0;
| }
configure:17179: result: void
configure:17189: checking for vfork.h
configure:17189: g++ -c -Wall -g -O2 -g -O0  conftest.cpp >&5
conftest.cpp:58:10: fatal error: vfork.h: No such file or directory
   58 | #include <vfork.h>
      |          ^~~~~~~~~
compilation terminated.
configure:17189: $? = 1
configure: failed program was:
| /* confdefs.h */
| #define PACKAGE_NAME ""
| #define PACKAGE_TARNAME ""
| #define PACKAGE_VERSION ""
| #define PACKAGE_STRING ""
| #define PACKAGE_BUGREPORT ""
| #define PACKAGE_URL ""
| #define PACKAGE "socket++"
| #define VERSION "1.12.12"
| #define HAVE_STDIO_H 1
| #define HAVE_STDLIB_H 1
| #define HAVE_STRING_H 1
| #define HAVE_INTTYPES_H 1
| #define HAVE_STDINT_H 1
| #define HAVE_STRINGS_H 1
| #define HAVE_SYS_STAT_H 1
| #define HAVE_SYS_TYPES_H 1
| #define HAVE_UNISTD_H 1
| #define STDC_HEADERS 1
| #define HAVE_DLFCN_H 1
| #define LT_OBJDIR ".libs/"
| #define ENABLE_DEBUG 1
| #define HAVE_STRING_H 1
| #define HAVE_MEMORY_H 1
| #define HAVE_SSTREAM 1
| #define HAVE_STRING 1
| #define HAVE_SYS_WAIT_H 1
| #define RETSIGTYPE void
| /* end confdefs.h.  */
| #include <stddef.h>
| #ifdef HAVE_STDIO_H
| # include <stdio.h>
| #endif
| #ifdef HAVE_STDLIB_H
| # include <stdlib.h>
| #endif
| #ifdef HAVE_STRING_H
| # include <string.h>
| #endif
| #ifdef HAVE_INTTYPES_H
| # include <inttypes.h>
| #endif
| #ifdef HAVE_STDINT_H
| # include <stdint.h>
| #endif
| #ifdef HAVE_STRINGS_H
| # include <strings.h>
| #endif
| #ifdef HAVE_SYS_TYPES_H
| # include <sys/types.h>
| #endif
| #ifdef HAVE_SYS_STAT_H
| # include <sys/stat.h>
| #endif
| #ifdef HAVE_UNISTD_H
| # include <unistd.h>
| #endif
| #include <vfork.h>
configure:17189: result: no
configure:17204: checking for fork
configure:17204: g++ -o conftest -Wall -g -O2 -g -O0   conftest.cpp  >&5
conftest.cpp:46:6: warning: declaration of 'char fork()' conflicts with built-in declaration 'int fork()' [-Wbuiltin-declaration-mismatch]
   46 | char fork ();
      |      ^~~~
configure:17204: $? = 0
configure:17204: result: yes
configure:17204: checking for vfork
configure:17204: g++ -o conftest -Wall -g -O2 -g -O0   conftest.cpp  >&5
configure:17204: $? = 0
configure:17204: result: yes
configure:17217: checking for working fork
configure:17241: g++ -o conftest -Wall -g -O2 -g -O0   conftest.cpp  >&5
configure:17241: $? = 0
configure:17241: ./conftest
configure:17241: $? = 0
configure:17252: result: yes
configure:17273: checking for working vfork
configure:17402: result: yes
configure:17427: checking for select
configure:17427: g++ -o conftest -Wall -g -O2 -g -O0   conftest.cpp  >&5
configure:17427: $? = 0
configure:17427: result: yes
configure:17435: checking for sys_siglist
configure:17461: g++ -o conftest -Wall -g -O2 -g -O0   conftest.cpp  >&5
conftest.cpp: In function 'int main()':
conftest.cpp:46:3: error: 'puts' was not declared in this scope
   46 |   puts(*_sys_siglist);
      |   ^~~~
configure:17461: $? = 1
configure: failed program was:
| /* confdefs.h */
| #define PACKAGE_NAME ""
| #define PACKAGE_TARNAME ""
| #define PACKAGE_VERSION ""
| #define PACKAGE_STRING ""
| #define PACKAGE_BUGREPORT ""
| #define PACKAGE_URL ""
| #define PACKAGE "socket++"
| #define VERSION "1.12.12"
| #define HAVE_STDIO_H 1
| #define HAVE_STDLIB_H 1
| #define HAVE_STRING_H 1
| #define HAVE_INTTYPES_H 1
| #define HAVE_STDINT_H 1
| #define HAVE_STRINGS_H 1
| #define HAVE_SYS_STAT_H 1
| #define HAVE_SYS_TYPES_H 1
| #define HAVE_UNISTD_H 1
| #define STDC_HEADERS 1
| #define HAVE_DLFCN_H 1
| #define LT_OBJDIR ".libs/"
| #define ENABLE_DEBUG 1
| #define HAVE_STRING_H 1
| #define HAVE_MEMORY_H 1
| #define HAVE_SSTREAM 1
| #define HAVE_STRING 1
| #define HAVE_SYS_WAIT_H 1
| #define RETSIGTYPE void
| #define HAVE_FORK 1
| #define HAVE_VFORK 1
| #define HAVE_WORKING_VFORK 1
| #define HAVE_WORKING_FORK 1
| #define HAVE_SELECT 1
| /* end confdefs.h.  */
| 
| # include <unistd.h>
| # include <sys/signal.h>
| 
| int
| main (void)
| {
| 
| #ifndef _sys_siglist
|   extern char* _sys_siglist[];
| #endif
|   puts(*_sys_siglist);
| 
|   ;
|   return 0;
| }
configure:17473: result: sys_siglist
configure:17476: checking for sys_errlist
configure:17502: g++ -o conftest -Wall -g -O2 -g -O0   conftest.cpp  >&5
conftest.cpp: In function 'int main()':
conftest.cpp:47:3: error: 'puts' was not declared in this scope
   47 |   puts(*_sys_errlist);
      |   ^~~~
configure:17502: $? = 1
configure: failed program was:
| /* confdefs.h */
| #define PACKAGE_NAME ""
| #define PACKAGE_TARNAME ""
| #define PACKAGE_VERSION ""
| #define PACKAGE_STRING ""
| #define PACKAGE_BUGREPORT ""
| #define PACKAGE_URL ""
| #define PACKAGE "socket++"
| #define VERSION "1.12.12"
| #define HAVE_STDIO_H 1
| #define HAVE_STDLIB_H 1
| #define HAVE_STRING_H 1
| #define HAVE_INTTYPES_H 1
| #define HAVE_STDINT_H 1
| #define HAVE_STRINGS_H 1
| #define HAVE_SYS_STAT_H 1
| #define HAVE_SYS_TYPES_H 1
| #define HAVE_UNISTD_H 1
| #define STDC_HEADERS 1
| #define HAVE_DLFCN_H 1
| #define LT_OBJDIR ".libs/"
| #define ENABLE_DEBUG 1
| #define HAVE_STRING_H 1
| #define HAVE_MEMORY_H 1
| #define HAVE_SSTREAM 1
| #define HAVE_STRING 1
| #define HAVE_SYS_WAIT_H 1
| #define RETSIGTYPE void
| #define HAVE_FORK 1
| #define HAVE_VFORK 1
| #define HAVE_WORKING_VFORK 1
| #define HAVE_WORKING_FORK 1
| #define HAVE_SELECT 1
| #define SYS_SIGLIST sys_siglist
| /* end confdefs.h.  */
| 
| # include <errno.h>
| # include <unistd.h>
| 
| int
| main (void)
| {
| 
| #ifndef _sys_errlist
|   extern char* _sys_errlist[];
| #endif
|   puts(*_sys_errlist);
| 
|   ;
|   return 0;
| }
configure:17514: result: sys_errlist
configure:17517: checking for sys_errlist prototype
configure:17549: g++ -c -Wall -g -O2 -g -O0  conftest.cpp >&5
conftest.cpp: In function 'int main()':
conftest.cpp:47:10: error: 'sys_errlist' was not declared in this scope
   47 |   puts (*sys_errlist);
      |          ^~~~~~~~~~~
configure:17549: $? = 1
configure: failed program was:
| /* confdefs.h */
| #define PACKAGE_NAME ""
| #define PACKAGE_TARNAME ""
| #define PACKAGE_VERSION ""
| #define PACKAGE_STRING ""
| #define PACKAGE_BUGREPORT ""
| #define PACKAGE_URL ""
| #define PACKAGE "socket++"
| #define VERSION "1.12.12"
| #define HAVE_STDIO_H 1
| #define HAVE_STDLIB_H 1
| #define HAVE_STRING_H 1
| #define HAVE_INTTYPES_H 1
| #define HAVE_STDINT_H 1
| #define HAVE_STRINGS_H 1
| #define HAVE_SYS_STAT_H 1
| #define HAVE_SYS_TYPES_H 1
| #define HAVE_UNISTD_H 1
| #define STDC_HEADERS 1
| #define HAVE_DLFCN_H 1
| #define LT_OBJDIR ".libs/"
| #define ENABLE_DEBUG 1
| #define HAVE_STRING_H 1
| #define HAVE_MEMORY_H 1
| #define HAVE_SSTREAM 1
| #define HAVE_STRING 1
| #define HAVE_SYS_WAIT_H 1
| #define RETSIGTYPE void
| #define HAVE_FORK 1
| #define HAVE_VFORK 1
| #define HAVE_WORKING_VFORK 1
| #define HAVE_WORKING_FORK 1
| #define HAVE_SELECT 1
| #define SYS_SIGLIST sys_siglist
| #define SYS_ERRLIST sys_errlist
| /* end confdefs.h.  */
| 
| #include <errno.h>
| #include <unistd.h>
| #include <stdlib.h>
| #include <stdio.h>
| 
| int
| main (void)
| {
| 
|   puts (*sys_errlist);
| 
|   ;
|   return 0;
| }
configure:17568: result: no
configure:17571: checking for signal handler arg type
configure:17605: g++ -c -Wall -g -O2 -g -O0  conftest.cpp >&5
conftest.cpp: In function 'int main()':
conftest.cpp:49:19: error: invalid conversion from 'funcptr' {aka 'void (*)(...)'} to '__sighandler_t' {aka 'void (*)(int)'} [-fpermissive]
   49 |   sa.sa_handler = funcptr (&sigh);
      |                   ^~~~~~~~~~~~~~~
      |                   |
      |                   funcptr {aka void (*)(...)}
configure:17605: $? = 1
configure: failed program was:
| /* confdefs.h */
| #define PACKAGE_NAME ""
| #define PACKAGE_TARNAME ""
| #define PACKAGE_VERSION ""
| #define PACKAGE_STRING ""
| #define PACKAGE_BUGREPORT ""
| #define PACKAGE_URL ""
| #define PACKAGE "socket++"
| #define VERSION "1.12.12"
| #define HAVE_STDIO_H 1
| #define HAVE_STDLIB_H 1
| #define HAVE_STRING_H 1
| #define HAVE_INTTYPES_H 1
| #define HAVE_STDINT_H 1
| #define HAVE_STRINGS_H 1
| #define HAVE_SYS_STAT_H 1
| #define HAVE_SYS_TYPES_H 1
| #define HAVE_UNISTD_H 1
| #define STDC_HEADERS 1
| #define HAVE_DLFCN_H 1
| #define LT_OBJDIR ".libs/"
| #define ENABLE_DEBUG 1
| #define HAVE_STRING_H 1
| #define HAVE_MEMORY_H 1
| #define HAVE_SSTREAM 1
| #define HAVE_STRING 1
| #define HAVE_SYS_WAIT_H 1
| #define RETSIGTYPE void
| #define HAVE_FORK 1
| #define HAVE_VFORK 1
| #define HAVE_WORKING_VFORK 1
| #define HAVE_WORKING_FORK 1
| #define HAVE_SELECT 1
| #define SYS_SIGLIST sys_siglist
| #define SYS_ERRLIST sys_errlist
| /* end confdefs.h.  */
| 
| # include <unistd.h>
| # include <sys/signal.h>
| 
|   void sigh (int s, int c, void* p, void* a) {}
| 
| int
| main (void)
| {
| 
|   typedef RETSIGTYPE (*funcptr) (...);
|   struct sigaction sa;
|   sa.sa_handler = funcptr (&sigh);
| 
|   ;
|   return 0;
| }
configure:17629: g++ -c -Wall -g -O2 -g -O0  conftest.cpp >&5
conftest.cpp: In function 'int main()':
conftest.cpp:48:22: warning: variable 'sa' set but not used [-Wunused-but-set-variable]
   48 |     struct sigaction sa;
      |                      ^~
configure:17629: $? = 0
configure:17648: result: int
configure:17651: checking if extern "C" wrappers are needed
configure:17682: g++ -o conftest -Wall -g -O2 -g -O0   conftest.cpp  >&5
configure:17682: $? = 0
configure:17711: result: no
configure:17817: checking that generated files are newer than configure
configure:17823: result: done
configure:17850: creating ./config.status

## ---------------------- ##
## Running config.status. ##
## ---------------------- ##

This file was extended by config.status, which was
generated by GNU Autoconf 2.71.  Invocation command line was

  CONFIG_FILES    = 
  CONFIG_HEADERS  = 
  CONFIG_LINKS    = 
  CONFIG_COMMANDS = 
  $ ./config.status 

on ip-172-31-16-91

config.status:1167: creating Makefile
config.status:1167: creating socket++/Makefile
config.status:1167: creating doc/Makefile
config.status:1167: creating test/Makefile
config.status:1167: creating socket++/config.h
config.status:1396: executing depfiles commands
config.status:1473: cd socket++       && sed -e '/# am--include-marker/d' Makefile         | make -f - am--depfiles
make: Nothing to be done for 'am--depfiles'.
config.status:1478: $? = 0
config.status:1396: executing libtool commands

## ---------------- ##
## Cache variables. ##
## ---------------- ##

ac_cv_build=x86_64-pc-linux-gnu
ac_cv_c_compiler_gnu=yes
ac_cv_cxx_compiler_gnu=yes
ac_cv_env_CCC_set=
ac_cv_env_CCC_value=
ac_cv_env_CC_set=
ac_cv_env_CC_value=
ac_cv_env_CFLAGS_set=
ac_cv_env_CFLAGS_value=
ac_cv_env_CPPFLAGS_set=
ac_cv_env_CPPFLAGS_value=
ac_cv_env_CXXCPP_set=
ac_cv_env_CXXCPP_value=
ac_cv_env_CXXFLAGS_set=
ac_cv_env_CXXFLAGS_value=
ac_cv_env_CXX_set=
ac_cv_env_CXX_value=
ac_cv_env_LDFLAGS_set=
ac_cv_env_LDFLAGS_value=
ac_cv_env_LIBS_set=
ac_cv_env_LIBS_value=
ac_cv_env_LT_SYS_LIBRARY_PATH_set=
ac_cv_env_LT_SYS_LIBRARY_PATH_value=
ac_cv_env_build_alias_set=
ac_cv_env_build_alias_value=
ac_cv_env_host_alias_set=
ac_cv_env_host_alias_value=
ac_cv_env_target_alias_set=
ac_cv_env_target_alias_value=
ac_cv_func_fork=yes
ac_cv_func_fork_works=yes
ac_cv_func_select=yes
ac_cv_func_vfork=yes
ac_cv_func_vfork_works=yes
ac_cv_header__G_config_h=no
ac_cv_header_dlfcn_h=yes
ac_cv_header_inttypes_h=yes
ac_cv_header_memory_h=yes
ac_cv_header_sstream=yes
ac_cv_header_stdint_h=yes
ac_cv_header_stdio_h=yes
ac_cv_header_stdlib_h=yes
ac_cv_header_string=yes
ac_cv_header_string_h=yes
ac_cv_header_strings_h=yes
ac_cv_header_sys_stat_h=yes
ac_cv_header_sys_types_h=yes
ac_cv_header_sys_wait_h=yes
ac_cv_header_unistd_h=yes
ac_cv_header_vfork_h=no
ac_cv_host=x86_64-pc-linux-gnu
ac_cv_lib_nsl_t_accept=no
ac_cv_lib_socket_socket=no
ac_cv_objext=o
ac_cv_path_EGREP='/usr/bin/grep -E'
ac_cv_path_FGREP='/usr/bin/grep -F'
ac_cv_path_GREP=/usr/bin/grep
ac_cv_path_SED=/usr/bin/sed
ac_cv_path_install='/usr/bin/install -c'
ac_cv_path_lt_DD=/usr/bin/dd
ac_cv_path_mkdir=/usr/bin/mkdir
ac_cv_prog_AWK=gawk
ac_cv_prog_CXXCPP='g++ -E'
ac_cv_prog_MAKEDEPEND=:
ac_cv_prog_ac_ct_AR=ar
ac_cv_prog_ac_ct_CC=gcc
ac_cv_prog_ac_ct_CXX=g++
ac_cv_prog_ac_ct_MANIFEST_TOOL=mt
ac_cv_prog_ac_ct_OBJDUMP=objdump
ac_cv_prog_ac_ct_RANLIB=ranlib
ac_cv_prog_ac_ct_STRIP=strip
ac_cv_prog_cc_c11=
ac_cv_prog_cc_g=yes
ac_cv_prog_cc_stdc=
ac_cv_prog_cxx_11=no
ac_cv_prog_cxx_cxx11=
ac_cv_prog_cxx_g=yes
ac_cv_prog_cxx_stdcxx=
ac_cv_prog_make_make_set=yes
ac_cv_type_pid_t=yes
ac_cv_type_signal=void
am_cv_CC_dependencies_compiler_type=gcc3
am_cv_CXX_dependencies_compiler_type=gcc3
am_cv_make_support_nested_variables=yes
am_cv_prog_cc_c_o=yes
bz_cv_cplusplus_needexternCwrapper=no
lt_cv_ar_at_file=@
lt_cv_archive_cmds_need_lc=no
lt_cv_deplibs_check_method=pass_all
lt_cv_file_magic_cmd='$MAGIC_CMD'
lt_cv_file_magic_test_file=
lt_cv_ld_reload_flag=-r
lt_cv_nm_interface='BSD nm'
lt_cv_objdir=.libs
lt_cv_path_LD=/usr/bin/ld
lt_cv_path_LDCXX='/usr/bin/ld -m elf_x86_64'
lt_cv_path_NM='/usr/bin/nm -B'
lt_cv_path_mainfest_tool=no
lt_cv_prog_compiler_c_o=yes
lt_cv_prog_compiler_c_o_CXX=yes
lt_cv_prog_compiler_pic='-fPIC -DPIC'
lt_cv_prog_compiler_pic_CXX='-fPIC -DPIC'
lt_cv_prog_compiler_pic_works=yes
lt_cv_prog_compiler_pic_works_CXX=yes
lt_cv_prog_compiler_rtti_exceptions=no
lt_cv_prog_compiler_static_works=yes
lt_cv_prog_compiler_static_works_CXX=yes
lt_cv_prog_gnu_ld=yes
lt_cv_prog_gnu_ldcxx=yes
lt_cv_sharedlib_from_linklib_cmd='printf %s\n'
lt_cv_shlibpath_overrides_runpath=yes
lt_cv_sys_global_symbol_pipe='sed -n -e '\''s/^.*[	 ]\([ABCDGIRSTW][ABCDGIRSTW]*\)[	 ][	 ]*\([_A-Za-z][_A-Za-z0-9]*\)$/\1 \2 \2/p'\'' | sed '\''/ __gnu_lto/d'\'''
lt_cv_sys_global_symbol_to_c_name_address='sed -n -e '\''s/^: \(.*\) .*$/  {"\1", (void *) 0},/p'\'' -e '\''s/^[ABCDGIRSTW][ABCDGIRSTW]* .* \(.*\)$/  {"\1", (void *) \&\1},/p'\'''
lt_cv_sys_global_symbol_to_c_name_address_lib_prefix='sed -n -e '\''s/^: \(.*\) .*$/  {"\1", (void *) 0},/p'\'' -e '\''s/^[ABCDGIRSTW][ABCDGIRSTW]* .* \(lib.*\)$/  {"\1", (void *) \&\1},/p'\'' -e '\''s/^[ABCDGIRSTW][ABCDGIRSTW]* .* \(.*\)$/  {"lib\1", (void *) \&\1},/p'\'''
lt_cv_sys_global_symbol_to_cdecl='sed -n -e '\''s/^T .* \(.*\)$/extern int \1();/p'\'' -e '\''s/^[ABCDGIRSTW][ABCDGIRSTW]* .* \(.*\)$/extern char \1;/p'\'''
lt_cv_sys_global_symbol_to_import=
lt_cv_sys_max_cmd_len=1572864
lt_cv_to_host_file_cmd=func_convert_file_noop
lt_cv_to_tool_file_cmd=func_convert_file_noop
lt_cv_truncate_bin='/usr/bin/dd bs=4096 count=1'
socketxx_cv_errlist=sys_errlist
socketxx_cv_errlist_proto=no
socketxx_cv_sighnd_argtype=int
socketxx_cv_siglist=sys_siglist

## ----------------- ##
## Output variables. ##
## ----------------- ##

ACLOCAL='${SHELL} '\''/home/ubuntu/socketxx/missing'\'' aclocal-1.16'
AMDEPBACKSLASH='\'
AMDEP_FALSE='#'
AMDEP_TRUE=''
AMTAR='$${TAR-tar}'
AM_BACKSLASH='\'
AM_DEFAULT_V='$(AM_DEFAULT_VERBOSITY)'
AM_DEFAULT_VERBOSITY='1'
AM_V='$(V)'
AR='ar'
AUTOCONF='${SHELL} '\''/home/ubuntu/socketxx/missing'\'' autoconf'
AUTOHEADER='${SHELL} '\''/home/ubuntu/socketxx/missing'\'' autoheader'
AUTOMAKE='${SHELL} '\''/home/ubuntu/socketxx/missing'\'' automake-1.16'
AWK='gawk'
CC='gcc'
CCDEPMODE='depmode=gcc3'
CFLAGS='-g -O2'
CPPFLAGS=''
CSCOPE='cscope'
CTAGS='ctags'
CXX='g++'
CXXCPP='g++ -E'
CXXDEPMODE='depmode=gcc3'
CXXFLAGS='-Wall -g -O2 -g -O0'
CXX_INCLUDE_PATH=''
CYGPATH_W='echo'
DEFS='-DHAVE_CONFIG_H'
DEPDIR='.deps'
DLLTOOL='false'
DSYMUTIL=''
DUMPBIN=''
ECHO_C=''
ECHO_N='-n'
ECHO_T=''
EGREP='/usr/bin/grep -E'
ETAGS='etags'
EXEEXT=''
FGREP='/usr/bin/grep -F'
GREP='/usr/bin/grep'
INSTALL_DATA='${INSTALL} -m 644'
INSTALL_PROGRAM='${INSTALL}'
INSTALL_SCRIPT='${INSTALL}'
INSTALL_STRIP_PROGRAM='$(install_sh) -c -s'
LD='/usr/bin/ld -m elf_x86_64'
LDFLAGS=''
LIBOBJS=''
LIBS=''
LIBSOCKET_SO_VERSION='1:2:0'
LIBTOOL='$(SHELL) $(top_builddir)/libtool'
LIPO=''
LN_S='ln -s'
LTLIBOBJS=''
LT_SYS_LIBRARY_PATH=''
MAKEDEPEND=':'
MAKEINFO='${SHELL} '\''/home/ubuntu/socketxx/missing'\'' makeinfo'
MANIFEST_TOOL=':'
MKDIR_P='/usr/bin/mkdir -p'
NETWORK_LIBS=''
NM='/usr/bin/nm -B'
NMEDIT=''
OBJDUMP='objdump'
OBJEXT='o'
OTOOL64=''
OTOOL=''
PACKAGE='socket++'
PACKAGE_BUGREPORT=''
PACKAGE_NAME=''
PACKAGE_STRING=''
PACKAGE_TARNAME=''
PACKAGE_URL=''
PACKAGE_VERSION=''
PATH_SEPARATOR=':'
RANLIB='ranlib'
SED='/usr/bin/sed'
SET_MAKE=''
SHELL='/bin/bash'
SOCKET_VERSION='1.12.12'
STRIP='strip'
VERSION='1.12.12'
ac_ct_AR='ar'
ac_ct_CC='gcc'
ac_ct_CXX='g++'
ac_ct_DUMPBIN=''
am__EXEEXT_FALSE=''
am__EXEEXT_TRUE='#'
am__fastdepCC_FALSE='#'
am__fastdepCC_TRUE=''
am__fastdepCXX_FALSE='#'
am__fastdepCXX_TRUE=''
am__include='include'
am__isrc=''
am__leading_dot='.'
am__nodep='_no'
am__quote=''
am__tar='$${TAR-tar} chof - "$$tardir"'
am__untar='$${TAR-tar} xf -'
bindir='${exec_prefix}/bin'
build='x86_64-pc-linux-gnu'
build_alias=''
build_cpu='x86_64'
build_os='linux-gnu'
build_vendor='pc'
datadir='${datarootdir}'
datarootdir='${prefix}/share'
docdir='${datarootdir}/doc/${PACKAGE}'
dvidir='${docdir}'
exec_prefix='${prefix}'
host='x86_64-pc-linux-gnu'
host_alias=''
host_cpu='x86_64'
host_os='linux-gnu'
host_vendor='pc'
htmldir='${docdir}'
includedir='${prefix}/include'
infodir='${datarootdir}/info'
install_sh='${SHELL} /home/ubuntu/socketxx/install-sh'
libdir='${exec_prefix}/lib'
libexecdir='${exec_prefix}/libexec'
localedir='${datarootdir}/locale'
localstatedir='${prefix}/var'
mandir='${datarootdir}/man'
mkdir_p='$(MKDIR_P)'
oldincludedir='/usr/include'
pdfdir='${docdir}'
prefix='/usr'
program_transform_name='s,x,x,'
psdir='${docdir}'
runstatedir='${localstatedir}/run'
sbindir='${exec_prefix}/sbin'
sharedstatedir='${prefix}/com'
sysconfdir='${prefix}/etc'
target_alias=''

## ----------- ##
## confdefs.h. ##
## ----------- ##

/* confdefs.h */
#define PACKAGE_NAME ""
#define PACKAGE_TARNAME ""
#define PACKAGE_VERSION ""
#define PACKAGE_STRING ""
#define PACKAGE_BUGREPORT ""
#define PACKAGE_URL ""
#define PACKAGE "socket++"
#define VERSION "1.12.12"
#define HAVE_STDIO_H 1
#define HAVE_STDLIB_H 1
#define HAVE_STRING_H 1
#define HAVE_INTTYPES_H 1
#define HAVE_STDINT_H 1
#define HAVE_STRINGS_H 1
#define HAVE_SYS_STAT_H 1
#define HAVE_SYS_TYPES_H 1
#define HAVE_UNISTD_H 1
#define STDC_HEADERS 1
#define HAVE_DLFCN_H 1
#define LT_OBJDIR ".libs/"
#define ENABLE_DEBUG 1
#define HAVE_STRING_H 1
#define HAVE_MEMORY_H 1
#define HAVE_SSTREAM 1
#define HAVE_STRING 1
#define HAVE_SYS_WAIT_H 1
#define RETSIGTYPE void
#define HAVE_FORK 1
#define HAVE_VFORK 1
#define HAVE_WORKING_VFORK 1
#define HAVE_WORKING_FORK 1
#define HAVE_SELECT 1
#define SYS_SIGLIST sys_siglist
#define SYS_ERRLIST sys_errlist
#define SIGHND_ARGTYPE int
#define EXTERN_C_BEGIN /**/
#define EXTERN_C_END /**/

configure: exit 0
